<?xml version="1.0" encoding="UTF-8"?>
<testsuite name="Test" tests="10" skipped="0" failures="0" errors="0" timestamp="2023-08-09T04:04:28" hostname="DESKTOP-U3MMO4A" time="0.017">
  <properties/>
  <testcase name="pruebaResta" classname="Test" time="0.01"/>
  <testcase name="testAbs" classname="Test" time="0.0"/>
  <testcase name="testArg" classname="Test" time="0.001"/>
  <testcase name="testCombinado" classname="Test" time="0.0"/>
  <testcase name="pruebaMultiplicacion" classname="Test" time="0.0"/>
  <testcase name="testSumarRestar" classname="Test" time="0.001"/>
  <testcase name="pruebaDividir" classname="Test" time="0.0"/>
  <testcase name="testIguales" classname="Test" time="0.0"/>
  <testcase name="testInverso" classname="Test" time="0.0"/>
  <testcase name="pruebaProductoEscalar" classname="Test" time="0.0"/>
  <system-out><![CDATA[TestRestaComplejos: prueba superada ?
TestAbs: Prueba superada!!
TestArg: Prueba superada ??
TestConjugado: prueba superada ??
TestMultiplicacionComplejos: prueba superada ?
TestSumarComplejos: prueba superada ?
TestDivisionComplejos: prueba superada ?
TestIgual: Prueba superada ??
TestInverso: Prueba superada! ??
TestProductoEscalar: prueba superada ?
]]></system-out>
  <system-err><![CDATA[]]></system-err>
</testsuite>
